<?xml version="1.0" encoding="UTF-8"?>
<coverage generated="1601257940962" clover="3.2.0">
  <project timestamp="1601257940963" name="All files">
    <metrics statements="19" coveredstatements="19" conditionals="6" coveredconditionals="5" methods="3" coveredmethods="3" elements="28" coveredelements="27" complexity="0" loc="19" ncloc="19" packages="1" files="2" classes="2"/>
    <file name="leetcode557.js" path="D:\Workspace\Frontend\interview\code\string\leetcode557.js">
      <metrics statements="4" coveredstatements="4" conditionals="0" coveredconditionals="0" methods="2" coveredmethods="2"/>
      <line num="6" count="1" type="stmt"/>
      <line num="8" count="2" type="stmt"/>
      <line num="9" count="8" type="stmt"/>
      <line num="14" count="1" type="stmt"/>
    </file>
    <file name="leetcode696.js" path="D:\Workspace\Frontend\interview\code\string\leetcode696.js">
      <metrics statements="15" coveredstatements="15" conditionals="6" coveredconditionals="5" methods="1" coveredmethods="1"/>
      <line num="6" count="1" type="stmt"/>
      <line num="7" count="2" type="stmt"/>
      <line num="8" count="2" type="stmt"/>
      <line num="9" count="2" type="cond" truecount="1" falsecount="1"/>
      <line num="11" count="2" type="stmt"/>
      <line num="12" count="2" type="stmt"/>
      <line num="14" count="2" type="stmt"/>
      <line num="16" count="2" type="stmt"/>
      <line num="17" count="9" type="cond" truecount="2" falsecount="0"/>
      <line num="18" count="6" type="stmt"/>
      <line num="20" count="3" type="stmt"/>
      <line num="24" count="2" type="stmt"/>
      <line num="25" count="8" type="cond" truecount="2" falsecount="0"/>
      <line num="27" count="2" type="stmt"/>
      <line num="31" count="1" type="stmt"/>
    </file>
  </project>
</coverage>
