{"D:\\Workspace\\Frontend\\interview\\code\\string\\leetcode557.js": {"path":"D:\\Workspace\\Frontend\\interview\\code\\string\\leetcode557.js","statementMap":{"0":{"start":{"line":6,"column":19},"end":{"line":12,"column":1}},"1":{"start":{"line":8,"column":4},"end":{"line":10,"column":17}},"2":{"start":{"line":9,"column":8},"end":{"line":9,"column":49}},"3":{"start":{"line":14,"column":0},"end":{"line":14,"column":30}}},"fnMap":{"0":{"name":"(anonymous_0)","decl":{"start":{"line":6,"column":19},"end":{"line":6,"column":20}},"loc":{"start":{"line":6,"column":31},"end":{"line":12,"column":1}},"line":6},"1":{"name":"(anonymous_1)","decl":{"start":{"line":8,"column":30},"end":{"line":8,"column":31}},"loc":{"start":{"line":8,"column":38},"end":{"line":10,"column":5}},"line":8}},"branchMap":{},"s":{"0":1,"1":2,"2":8,"3":1},"f":{"0":2,"1":8},"b":{},"_coverageSchema":"1a1c01bbd47fc00a2c39e90264f33305004495a9","hash":"154b9033b97138ce25a2dce1889de455a85b7d1f"}
,"D:\\Workspace\\Frontend\\interview\\code\\string\\leetcode696.js": {"path":"D:\\Workspace\\Frontend\\interview\\code\\string\\leetcode696.js","statementMap":{"0":{"start":{"line":6,"column":28},"end":{"line":28,"column":1}},"1":{"start":{"line":7,"column":14},"end":{"line":7,"column":15}},"2":{"start":{"line":8,"column":15},"end":{"line":8,"column":23}},"3":{"start":{"line":9,"column":4},"end":{"line":9,"column":34}},"4":{"start":{"line":9,"column":21},"end":{"line":9,"column":32}},"5":{"start":{"line":11,"column":18},"end":{"line":11,"column":21}},"6":{"start":{"line":12,"column":14},"end":{"line":12,"column":15}},"7":{"start":{"line":14,"column":4},"end":{"line":14,"column":23}},"8":{"start":{"line":16,"column":4},"end":{"line":22,"column":5}},"9":{"start":{"line":16,"column":15},"end":{"line":16,"column":16}},"10":{"start":{"line":17,"column":8},"end":{"line":21,"column":9}},"11":{"start":{"line":18,"column":12},"end":{"line":18,"column":30}},"12":{"start":{"line":20,"column":12},"end":{"line":20,"column":30}},"13":{"start":{"line":24,"column":4},"end":{"line":26,"column":5}},"14":{"start":{"line":24,"column":15},"end":{"line":24,"column":16}},"15":{"start":{"line":25,"column":8},"end":{"line":25,"column":68}},"16":{"start":{"line":27,"column":4},"end":{"line":27,"column":15}},"17":{"start":{"line":31,"column":0},"end":{"line":31,"column":39}}},"fnMap":{"0":{"name":"(anonymous_0)","decl":{"start":{"line":6,"column":28},"end":{"line":6,"column":29}},"loc":{"start":{"line":6,"column":40},"end":{"line":28,"column":1}},"line":6}},"branchMap":{"0":{"loc":{"start":{"line":9,"column":4},"end":{"line":9,"column":34}},"type":"if","locations":[{"start":{"line":9,"column":4},"end":{"line":9,"column":34}},{"start":{"line":9,"column":4},"end":{"line":9,"column":34}}],"line":9},"1":{"loc":{"start":{"line":17,"column":8},"end":{"line":21,"column":9}},"type":"if","locations":[{"start":{"line":17,"column":8},"end":{"line":21,"column":9}},{"start":{"line":17,"column":8},"end":{"line":21,"column":9}}],"line":17},"2":{"loc":{"start":{"line":25,"column":15},"end":{"line":25,"column":68}},"type":"cond-expr","locations":[{"start":{"line":25,"column":43},"end":{"line":25,"column":53}},{"start":{"line":25,"column":56},"end":{"line":25,"column":68}}],"line":25}},"s":{"0":1,"1":2,"2":2,"3":2,"4":0,"5":2,"6":2,"7":2,"8":2,"9":2,"10":9,"11":6,"12":3,"13":2,"14":2,"15":8,"16":2,"17":1},"f":{"0":2},"b":{"0":[0,2],"1":[6,3],"2":[1,7]},"_coverageSchema":"1a1c01bbd47fc00a2c39e90264f33305004495a9","hash":"251a9b86f2bf900d127caa4e92d619f53284fbd5"}
}
