TN:
SF:code\string\leetcode557.js
FN:6,(anonymous_0)
FN:8,(anonymous_1)
FNF:2
FNH:2
FNDA:2,(anonymous_0)
FNDA:8,(anonymous_1)
DA:6,1
DA:8,2
DA:9,8
DA:14,1
LF:4
LH:4
BRF:0
BRH:0
end_of_record
TN:
SF:code\string\leetcode696.js
FN:6,(anonymous_0)
FNF:1
FNH:1
FNDA:2,(anonymous_0)
DA:6,1
DA:7,2
DA:8,2
DA:9,2
DA:11,2
DA:12,2
DA:14,2
DA:16,2
DA:17,9
DA:18,6
DA:20,3
DA:24,2
DA:25,8
DA:27,2
DA:31,1
LF:15
LH:15
BRDA:9,0,0,0
BRDA:9,0,1,2
BRDA:17,1,0,6
BRDA:17,1,1,3
BRDA:25,2,0,1
BRDA:25,2,1,7
BRF:6
BRH:5
end_of_record
